<?xml version="1.0" encoding="UTF-8"?>
<!-- Generated by org.testng.reporters.JUnitReportReporter -->
<testsuite hostname="NODE380" name="tests.App" tests="1" failures="0" timestamp="30 Aug 2016 17:34:49 GMT" time="55.003" errors="0">
  <testcase name="main" time="55.003" classname="tests.App"/>
</testsuite> <!-- tests.App -->
