<?xml version="1.0" encoding="UTF-8"?>
<!-- Generated by org.testng.reporters.JUnitReportReporter -->
<testsuite hostname="NODE380" name="com.gspann.makemytrip.App" tests="1" failures="0" timestamp="30 Aug 2016 16:06:02 GMT" time="53.584" errors="0">
  <testcase name="main" time="53.584" classname="com.gspann.makemytrip.App"/>
</testsuite> <!-- com.gspann.makemytrip.App -->
